<?xml version="1.0" encoding="UTF-8"?>
<testng-results ignored="0" total="1" passed="1" failed="0" skipped="0">
  <reporter-output>
  </reporter-output>
  <suite started-at="2021-01-12T15:17:54 IST" name="Default suite" finished-at="2021-01-12T15:23:44 IST" duration-ms="350148">
    <groups>
      <group name="cucumber">
        <method signature="AbstractTestNGCucumberTests.feature(cucumber.api.testng.CucumberFeatureWrapper)[pri:0, instance:cucumbertest1.sprint_testRunner@1e802ef9]" name="feature" class="cucumber.api.testng.AbstractTestNGCucumberTests"/>
      </group> <!-- cucumber -->
    </groups>
    <test started-at="2021-01-12T15:17:54 IST" name="Default test" finished-at="2021-01-12T15:23:44 IST" duration-ms="350148">
      <class name="cucumbertest1.sprint_testRunner">
        <test-method is-config="true" signature="setUpClass()[pri:0, instance:cucumbertest1.sprint_testRunner@1e802ef9]" started-at="2021-01-12T15:17:54 IST" name="setUpClass" finished-at="2021-01-12T15:17:54 IST" duration-ms="743" status="PASS">
          <reporter-output>
          </reporter-output>
        </test-method> <!-- setUpClass -->
        <test-method signature="feature(cucumber.api.testng.CucumberFeatureWrapper)[pri:0, instance:cucumbertest1.sprint_testRunner@1e802ef9]" started-at="2021-01-12T15:17:55 IST" name="feature" description="Runs Cucumber Feature" data-provider="features" finished-at="2021-01-12T15:23:43 IST" duration-ms="348343" status="PASS">
          <params>
            <param index="0">
              <value>
                <![CDATA[Sign In Validation]]>
              </value>
            </param>
          </params>
          <reporter-output>
          </reporter-output>
        </test-method> <!-- feature -->
        <test-method is-config="true" signature="tearDownClass()[pri:0, instance:cucumbertest1.sprint_testRunner@1e802ef9]" started-at="2021-01-12T15:23:43 IST" name="tearDownClass" finished-at="2021-01-12T15:23:44 IST" duration-ms="483" status="PASS">
          <reporter-output>
          </reporter-output>
        </test-method> <!-- tearDownClass -->
      </class> <!-- cucumbertest1.sprint_testRunner -->
    </test> <!-- Default test -->
  </suite> <!-- Default suite -->
</testng-results>
